{"message":"Unauthorized request to path: /favicon.ico","level":"error"}
{"message":"Unauthorized request to path: /","level":"error"}
{"message":"Unauthorized request to path: /favicon.ico","level":"error"}
{"message":"Bookmark doesn't exist","level":"error"}
{"message":"Unauthorized request to path: /api/bookmarks","level":"error"}
{"message":"Unauthorized request to path: /api/bookmarks/3","level":"error"}
{"message":"Bookmark doesn't exist","level":"error"}
{"message":"Unauthorized request to path: /api/bookmarks/3","level":"error"}
{"message":"Unauthorized request to path: /api/bookmarks","level":"error"}
{"message":"Unauthorized request to path: /api/bookmarks/","level":"error"}
{"message":"Unauthorized request to path: /bookmarks","level":"error"}
{"message":"Unauthorized request to path: /api/bookmarks","level":"error"}
{"message":"Unauthorized request to path: /api/bookmarks","level":"error"}
{"message":"Unauthorized request to path: /api/bookmarks","level":"error"}
{"message":"Unauthorized request to path: /api/bookmarks","level":"error"}
{"message":"Bookmark doesn't exist","level":"error"}
{"message":"Bookmark doesn't exist","level":"error"}
{"message":"Bookmark doesn't exist","level":"error"}
{"message":"Bookmark doesn't exist","level":"error"}
{"message":"Bookmark doesn't exist","level":"error"}
